<?xml version="1.0" encoding="UTF-8"?>
<!-- Generated by org.testng.reporters.JUnitXMLReporter -->
<testsuite ignored="0" hostname="iSHIELD-Lap" failures="1" tests="6" name="Test" time="0.385" errors="0" timestamp="2022-08-12T09:50:58 IST">
  <testcase classname="com._IRetryAnalyser.V_V_model" name="add" time="0.058">
    <skipped/>
  </testcase> <!-- add -->
  <testcase classname="com._IRetryAnalyser.V_V_model" name="add" time="0.021">
    <skipped/>
  </testcase> <!-- add -->
  <testcase classname="com._IRetryAnalyser.V_V_model" name="add" time="0.006">
    <skipped/>
  </testcase> <!-- add -->
  <testcase classname="com._IRetryAnalyser.V_V_model" name="add" time="0.006">
    <skipped/>
  </testcase> <!-- add -->
  <testcase classname="com._IRetryAnalyser.V_V_model" name="add" time="0.008">
    <skipped/>
  </testcase> <!-- add -->
  <testcase classname="com._IRetryAnalyser.V_V_model" name="add" time="0.007">
    <failure type="java.lang.AssertionError" message="expected [] but found [Ganesan]">
      <![CDATA[java.lang.AssertionError: expected [] but found [Ganesan]
at com._IRetryAnalyser.V_V_model.add(V_V_model.java:16)
at java.base/java.util.ArrayList.forEach(ArrayList.java:1511)
... Removed 32 stack frames]]>
    </failure>
  </testcase> <!-- add -->
</testsuite> <!-- Test -->
